<?xml version="1.0" encoding="UTF-8"?>
<!-- Generated by org.testng.reporters.JUnitXMLReporter -->
<testsuite hostname="Mudassars-MacBook-Pro.local" name="Surefire test" tests="2" failures="0" timestamp="29 Jul 2019 09:35:10 GMT" time="0.035" errors="0">
  <testcase name="@BeforeMethod setUp" time="0.0" classname="com.browserstack.SingleTest">
    <failure type="org.testng.TestNGException" message="
Parameter &amp;apos;config&amp;apos; is required by @Configuration on method setUp but has not been marked @Optional or defined
">
      <![CDATA[org.testng.TestNGException: 
Parameter 'config' is required by @Configuration on method setUp but has not been marked @Optional or defined

... Removed 27 stack frames]]>
    </failure>
  </testcase> <!-- @BeforeMethod setUp -->
  <testcase name="@AfterMethod tearDown" time="0.0" classname="com.browserstack.SingleTest">
    <failure type="java.lang.NullPointerException">
      <![CDATA[java.lang.NullPointerException
	at com.browserstack.BrowserStackTestNGTest.tearDown(BrowserStackTestNGTest.java:78)
... Removed 30 stack frames]]>
    </failure>
  </testcase> <!-- @AfterMethod tearDown -->
  <testcase name="@BeforeMethod setUp" time="0.0" classname="com.browserstack.LocalTest">
    <failure type="org.testng.TestNGException" message="
Parameter &amp;apos;config&amp;apos; is required by @Configuration on method setUp but has not been marked @Optional or defined
">
      <![CDATA[org.testng.TestNGException: 
Parameter 'config' is required by @Configuration on method setUp but has not been marked @Optional or defined

... Removed 27 stack frames]]>
    </failure>
  </testcase> <!-- @BeforeMethod setUp -->
  <testcase name="@AfterMethod tearDown" time="0.0" classname="com.browserstack.LocalTest">
    <failure type="java.lang.NullPointerException">
      <![CDATA[java.lang.NullPointerException
	at com.browserstack.BrowserStackTestNGTest.tearDown(BrowserStackTestNGTest.java:78)
... Removed 30 stack frames]]>
    </failure>
  </testcase> <!-- @AfterMethod tearDown -->
  <testcase name="test" time="0.002" classname="com.browserstack.SingleTest">
    <skipped/>
  </testcase> <!-- test -->
  <testcase name="test" time="0.0" classname="com.browserstack.LocalTest">
    <skipped/>
  </testcase> <!-- test -->
</testsuite> <!-- Surefire test -->
